2022-12-19T18:19:05.663+05:00  INFO 3572 --- [main] com.example.kunuz.KunUzApplication       : Starting KunUzApplication using Java 17.0.2 with PID 3572 (E:\Java\6-modul\KunUz\target\classes started by User in E:\Java\6-modul\KunUz)
2022-12-19T18:19:05.696+05:00 DEBUG 3572 --- [main] com.example.kunuz.KunUzApplication       : Running with Spring Boot v3.0.0, Spring v6.0.2
2022-12-19T18:19:05.698+05:00  INFO 3572 --- [main] com.example.kunuz.KunUzApplication       : No active profile set, falling back to 1 default profile: "default"
2022-12-19T18:19:08.307+05:00  INFO 3572 --- [main] .s.d.r.c.RepositoryConfigurationDelegate : Bootstrapping Spring Data JPA repositories in DEFAULT mode.
2022-12-19T18:19:08.477+05:00  INFO 3572 --- [main] .s.d.r.c.RepositoryConfigurationDelegate : Finished Spring Data repository scanning in 156 ms. Found 10 JPA repository interfaces.
2022-12-19T18:19:09.244+05:00  INFO 3572 --- [main] o.s.b.w.embedded.tomcat.TomcatWebServer  : Tomcat initialized with port(s): 8080 (http)
2022-12-19T18:19:09.257+05:00  INFO 3572 --- [main] o.apache.catalina.core.StandardService   : Starting service [Tomcat]
2022-12-19T18:19:09.258+05:00  INFO 3572 --- [main] o.apache.catalina.core.StandardEngine    : Starting Servlet engine: [Apache Tomcat/10.1.1]
2022-12-19T18:19:09.391+05:00  INFO 3572 --- [main] o.a.c.c.C.[Tomcat].[localhost].[/]       : Initializing Spring embedded WebApplicationContext
2022-12-19T18:19:09.391+05:00  INFO 3572 --- [main] w.s.c.ServletWebServerApplicationContext : Root WebApplicationContext: initialization completed in 3596 ms
2022-12-19T18:19:09.667+05:00  INFO 3572 --- [main] o.hibernate.jpa.internal.util.LogHelper  : HHH000204: Processing PersistenceUnitInfo [name: default]
2022-12-19T18:19:09.738+05:00  INFO 3572 --- [main] org.hibernate.Version                    : HHH000412: Hibernate ORM core version 6.1.5.Final
2022-12-19T18:19:09.951+05:00  WARN 3572 --- [main] org.hibernate.orm.deprecation            : HHH90000021: Encountered deprecated setting [javax.persistence.sharedCache.mode], use [jakarta.persistence.sharedCache.mode] instead
2022-12-19T18:19:10.099+05:00  INFO 3572 --- [main] com.zaxxer.hikari.HikariDataSource       : HikariPool-1 - Starting...
2022-12-19T18:19:10.669+05:00  INFO 3572 --- [main] com.zaxxer.hikari.pool.HikariPool        : HikariPool-1 - Added connection org.postgresql.jdbc.PgConnection@3303e89e
2022-12-19T18:19:10.673+05:00  INFO 3572 --- [main] com.zaxxer.hikari.HikariDataSource       : HikariPool-1 - Start completed.
2022-12-19T18:19:10.986+05:00  INFO 3572 --- [main] SQL dialect                              : HHH000400: Using dialect: org.hibernate.dialect.PostgreSQLDialect
2022-12-19T18:19:12.748+05:00  INFO 3572 --- [main] o.h.e.t.j.p.i.JtaPlatformInitiator       : HHH000490: Using JtaPlatform implementation: [org.hibernate.engine.transaction.jta.platform.internal.NoJtaPlatform]
2022-12-19T18:19:12.761+05:00  INFO 3572 --- [main] j.LocalContainerEntityManagerFactoryBean : Initialized JPA EntityManagerFactory for persistence unit 'default'
2022-12-19T18:19:13.904+05:00  WARN 3572 --- [main] JpaBaseConfiguration$JpaWebConfiguration : spring.jpa.open-in-view is enabled by default. Therefore, database queries may be performed during view rendering. Explicitly configure spring.jpa.open-in-view to disable this warning
2022-12-19T18:19:15.257+05:00  INFO 3572 --- [main] o.s.s.web.DefaultSecurityFilterChain     : Will secure any request with [org.springframework.security.web.session.DisableEncodeUrlFilter@7a7d25ca, org.springframework.security.web.context.request.async.WebAsyncManagerIntegrationFilter@6fb514db, org.springframework.security.web.context.SecurityContextHolderFilter@67726dd1, org.springframework.security.web.header.HeaderWriterFilter@47ccbbd5, org.springframework.security.web.authentication.logout.LogoutFilter@5599f22f, org.springframework.security.web.authentication.www.BasicAuthenticationFilter@31048b3d, org.springframework.security.web.savedrequest.RequestCacheAwareFilter@4b7704ec, org.springframework.security.web.servletapi.SecurityContextHolderAwareRequestFilter@39d6504b, org.springframework.security.web.authentication.AnonymousAuthenticationFilter@267a0b6a, org.springframework.security.web.access.ExceptionTranslationFilter@4676fcd9, org.springframework.security.web.access.intercept.FilterSecurityInterceptor@2f4c83f1]
2022-12-19T18:19:15.700+05:00  INFO 3572 --- [main] o.s.b.w.embedded.tomcat.TomcatWebServer  : Tomcat started on port(s): 8080 (http) with context path ''
2022-12-19T18:19:15.715+05:00  INFO 3572 --- [main] com.example.kunuz.KunUzApplication       : Started KunUzApplication in 11.235 seconds (process running for 13.117)
2022-12-19T18:19:15.807+05:00  INFO 3572 --- [http-nio-8080-exec-1] o.a.c.c.C.[Tomcat].[localhost].[/]       : Initializing Spring DispatcherServlet 'dispatcherServlet'
2022-12-19T18:19:15.808+05:00  INFO 3572 --- [http-nio-8080-exec-1] o.s.web.servlet.DispatcherServlet        : Initializing Servlet 'dispatcherServlet'
2022-12-19T18:19:15.811+05:00  INFO 3572 --- [http-nio-8080-exec-1] o.s.web.servlet.DispatcherServlet        : Completed initialization in 2 ms
2022-12-19T18:26:24.624+05:00  INFO 3572 --- [http-nio-8080-exec-4] o.apache.coyote.http11.Http11Processor   : Error parsing HTTP request header
 Note: further occurrences of HTTP request parsing errors will be logged at DEBUG level.

java.lang.IllegalArgumentException: Invalid character found in method name [0x160x030x010x020x000x010x000x010xfc0x030x03a0xa40x9bL10xa6g0xee0x0b ]. HTTP method names must be tokens
	at org.apache.coyote.http11.Http11InputBuffer.parseRequestLine(Http11InputBuffer.java:419) ~[tomcat-embed-core-10.1.1.jar:10.1.1]
	at org.apache.coyote.http11.Http11Processor.service(Http11Processor.java:272) ~[tomcat-embed-core-10.1.1.jar:10.1.1]
	at org.apache.coyote.AbstractProcessorLight.process(AbstractProcessorLight.java:65) ~[tomcat-embed-core-10.1.1.jar:10.1.1]
	at org.apache.coyote.AbstractProtocol$ConnectionHandler.process(AbstractProtocol.java:861) ~[tomcat-embed-core-10.1.1.jar:10.1.1]
	at org.apache.tomcat.util.net.NioEndpoint$SocketProcessor.doRun(NioEndpoint.java:1739) ~[tomcat-embed-core-10.1.1.jar:10.1.1]
	at org.apache.tomcat.util.net.SocketProcessorBase.run(SocketProcessorBase.java:52) ~[tomcat-embed-core-10.1.1.jar:10.1.1]
	at org.apache.tomcat.util.threads.ThreadPoolExecutor.runWorker(ThreadPoolExecutor.java:1191) ~[tomcat-embed-core-10.1.1.jar:10.1.1]
	at org.apache.tomcat.util.threads.ThreadPoolExecutor$Worker.run(ThreadPoolExecutor.java:659) ~[tomcat-embed-core-10.1.1.jar:10.1.1]
	at org.apache.tomcat.util.threads.TaskThread$WrappingRunnable.run(TaskThread.java:61) ~[tomcat-embed-core-10.1.1.jar:10.1.1]
	at java.base/java.lang.Thread.run(Thread.java:833) ~[na:na]

2022-12-19T18:34:34.660+05:00  INFO 3572 --- [SpringApplicationShutdownHook] j.LocalContainerEntityManagerFactoryBean : Closing JPA EntityManagerFactory for persistence unit 'default'
2022-12-19T18:34:34.665+05:00  INFO 3572 --- [SpringApplicationShutdownHook] com.zaxxer.hikari.HikariDataSource       : HikariPool-1 - Shutdown initiated...
2022-12-19T18:34:34.672+05:00  INFO 3572 --- [SpringApplicationShutdownHook] com.zaxxer.hikari.HikariDataSource       : HikariPool-1 - Shutdown completed.
2022-12-19T20:43:20.129+05:00  INFO 5228 --- [main] c.example.security.SecurityApplication   : Starting SecurityApplication using Java 17.0.2 with PID 5228 (E:\Java\6-modul\Security\target\classes started by User in E:\Java\6-modul\Security)
2022-12-19T20:43:20.154+05:00 DEBUG 5228 --- [main] c.example.security.SecurityApplication   : Running with Spring Boot v3.0.0, Spring v6.0.2
2022-12-19T20:43:20.155+05:00  INFO 5228 --- [main] c.example.security.SecurityApplication   : No active profile set, falling back to 1 default profile: "default"
2022-12-19T20:43:20.972+05:00  INFO 5228 --- [main] .s.d.r.c.RepositoryConfigurationDelegate : Bootstrapping Spring Data JPA repositories in DEFAULT mode.
2022-12-19T20:43:21.026+05:00  INFO 5228 --- [main] .s.d.r.c.RepositoryConfigurationDelegate : Finished Spring Data repository scanning in 45 ms. Found 1 JPA repository interfaces.
2022-12-19T20:43:21.755+05:00  INFO 5228 --- [main] o.s.b.w.embedded.tomcat.TomcatWebServer  : Tomcat initialized with port(s): 8080 (http)
2022-12-19T20:43:21.772+05:00  INFO 5228 --- [main] o.apache.catalina.core.StandardService   : Starting service [Tomcat]
2022-12-19T20:43:21.772+05:00  INFO 5228 --- [main] o.apache.catalina.core.StandardEngine    : Starting Servlet engine: [Apache Tomcat/10.1.1]
2022-12-19T20:43:21.879+05:00  INFO 5228 --- [main] o.a.c.c.C.[Tomcat].[localhost].[/]       : Initializing Spring embedded WebApplicationContext
2022-12-19T20:43:21.880+05:00  INFO 5228 --- [main] w.s.c.ServletWebServerApplicationContext : Root WebApplicationContext: initialization completed in 1671 ms
2022-12-19T20:43:22.064+05:00  INFO 5228 --- [main] o.hibernate.jpa.internal.util.LogHelper  : HHH000204: Processing PersistenceUnitInfo [name: default]
2022-12-19T20:43:22.152+05:00  INFO 5228 --- [main] org.hibernate.Version                    : HHH000412: Hibernate ORM core version 6.1.5.Final
2022-12-19T20:43:22.340+05:00  WARN 5228 --- [main] org.hibernate.orm.deprecation            : HHH90000021: Encountered deprecated setting [javax.persistence.sharedCache.mode], use [jakarta.persistence.sharedCache.mode] instead
2022-12-19T20:43:22.453+05:00  INFO 5228 --- [main] com.zaxxer.hikari.HikariDataSource       : HikariPool-1 - Starting...
2022-12-19T20:43:22.940+05:00  INFO 5228 --- [main] com.zaxxer.hikari.pool.HikariPool        : HikariPool-1 - Added connection org.postgresql.jdbc.PgConnection@7caf1e5
2022-12-19T20:43:22.942+05:00  INFO 5228 --- [main] com.zaxxer.hikari.HikariDataSource       : HikariPool-1 - Start completed.
2022-12-19T20:43:23.207+05:00  INFO 5228 --- [main] SQL dialect                              : HHH000400: Using dialect: org.hibernate.dialect.PostgreSQLDialect
2022-12-19T20:43:24.215+05:00  INFO 5228 --- [main] o.h.e.t.j.p.i.JtaPlatformInitiator       : HHH000490: Using JtaPlatform implementation: [org.hibernate.engine.transaction.jta.platform.internal.NoJtaPlatform]
2022-12-19T20:43:24.223+05:00  INFO 5228 --- [main] j.LocalContainerEntityManagerFactoryBean : Initialized JPA EntityManagerFactory for persistence unit 'default'
2022-12-19T20:43:24.511+05:00  WARN 5228 --- [main] JpaBaseConfiguration$JpaWebConfiguration : spring.jpa.open-in-view is enabled by default. Therefore, database queries may be performed during view rendering. Explicitly configure spring.jpa.open-in-view to disable this warning
2022-12-19T20:43:24.809+05:00  INFO 5228 --- [main] o.s.s.web.DefaultSecurityFilterChain     : Will secure any request with [org.springframework.security.web.session.DisableEncodeUrlFilter@3fdbb7ee, org.springframework.security.web.context.request.async.WebAsyncManagerIntegrationFilter@32c08610, org.springframework.security.web.context.SecurityContextHolderFilter@7a364e1c, org.springframework.security.web.header.HeaderWriterFilter@279e8bc0, org.springframework.security.web.authentication.logout.LogoutFilter@43e86c0c, org.springframework.security.web.authentication.www.BasicAuthenticationFilter@155318b5, org.springframework.security.web.savedrequest.RequestCacheAwareFilter@74cff17c, org.springframework.security.web.servletapi.SecurityContextHolderAwareRequestFilter@7a053795, org.springframework.security.web.authentication.AnonymousAuthenticationFilter@44ec4a38, org.springframework.security.web.access.ExceptionTranslationFilter@3a359f7c, org.springframework.security.web.access.intercept.FilterSecurityInterceptor@7a600e21]
2022-12-19T20:43:24.996+05:00  INFO 5228 --- [main] o.s.b.w.embedded.tomcat.TomcatWebServer  : Tomcat started on port(s): 8080 (http) with context path ''
2022-12-19T20:43:25.005+05:00  INFO 5228 --- [main] c.example.security.SecurityApplication   : Started SecurityApplication in 5.421 seconds (process running for 6.329)
2022-12-19T20:43:29.905+05:00  INFO 5228 --- [http-nio-8080-exec-1] o.a.c.c.C.[Tomcat].[localhost].[/]       : Initializing Spring DispatcherServlet 'dispatcherServlet'
2022-12-19T20:43:29.906+05:00  INFO 5228 --- [http-nio-8080-exec-1] o.s.web.servlet.DispatcherServlet        : Initializing Servlet 'dispatcherServlet'
2022-12-19T20:43:29.907+05:00  INFO 5228 --- [http-nio-8080-exec-1] o.s.web.servlet.DispatcherServlet        : Completed initialization in 1 ms
2022-12-19T20:44:10.929+05:00  INFO 5228 --- [SpringApplicationShutdownHook] j.LocalContainerEntityManagerFactoryBean : Closing JPA EntityManagerFactory for persistence unit 'default'
2022-12-19T20:44:10.931+05:00  INFO 5228 --- [SpringApplicationShutdownHook] com.zaxxer.hikari.HikariDataSource       : HikariPool-1 - Shutdown initiated...
2022-12-19T20:44:10.935+05:00  INFO 5228 --- [SpringApplicationShutdownHook] com.zaxxer.hikari.HikariDataSource       : HikariPool-1 - Shutdown completed.
2022-12-19T20:44:13.732+05:00  INFO 1816 --- [main] c.example.security.SecurityApplication   : Starting SecurityApplication using Java 17.0.2 with PID 1816 (E:\Java\6-modul\Security\target\classes started by User in E:\Java\6-modul\Security)
2022-12-19T20:44:13.747+05:00 DEBUG 1816 --- [main] c.example.security.SecurityApplication   : Running with Spring Boot v3.0.0, Spring v6.0.2
2022-12-19T20:44:13.749+05:00  INFO 1816 --- [main] c.example.security.SecurityApplication   : No active profile set, falling back to 1 default profile: "default"
2022-12-19T20:44:14.375+05:00  INFO 1816 --- [main] .s.d.r.c.RepositoryConfigurationDelegate : Bootstrapping Spring Data JPA repositories in DEFAULT mode.
2022-12-19T20:44:14.420+05:00  INFO 1816 --- [main] .s.d.r.c.RepositoryConfigurationDelegate : Finished Spring Data repository scanning in 39 ms. Found 1 JPA repository interfaces.
2022-12-19T20:44:14.883+05:00  INFO 1816 --- [main] o.s.b.w.embedded.tomcat.TomcatWebServer  : Tomcat initialized with port(s): 8080 (http)
2022-12-19T20:44:14.892+05:00  INFO 1816 --- [main] o.apache.catalina.core.StandardService   : Starting service [Tomcat]
2022-12-19T20:44:14.892+05:00  INFO 1816 --- [main] o.apache.catalina.core.StandardEngine    : Starting Servlet engine: [Apache Tomcat/10.1.1]
2022-12-19T20:44:14.968+05:00  INFO 1816 --- [main] o.a.c.c.C.[Tomcat].[localhost].[/]       : Initializing Spring embedded WebApplicationContext
2022-12-19T20:44:14.968+05:00  INFO 1816 --- [main] w.s.c.ServletWebServerApplicationContext : Root WebApplicationContext: initialization completed in 1146 ms
2022-12-19T20:44:15.095+05:00  INFO 1816 --- [main] o.hibernate.jpa.internal.util.LogHelper  : HHH000204: Processing PersistenceUnitInfo [name: default]
2022-12-19T20:44:15.142+05:00  INFO 1816 --- [main] org.hibernate.Version                    : HHH000412: Hibernate ORM core version 6.1.5.Final
2022-12-19T20:44:15.259+05:00  WARN 1816 --- [main] org.hibernate.orm.deprecation            : HHH90000021: Encountered deprecated setting [javax.persistence.sharedCache.mode], use [jakarta.persistence.sharedCache.mode] instead
2022-12-19T20:44:15.347+05:00  INFO 1816 --- [main] com.zaxxer.hikari.HikariDataSource       : HikariPool-1 - Starting...
2022-12-19T20:44:15.606+05:00  INFO 1816 --- [main] com.zaxxer.hikari.pool.HikariPool        : HikariPool-1 - Added connection org.postgresql.jdbc.PgConnection@4bce62b
2022-12-19T20:44:15.608+05:00  INFO 1816 --- [main] com.zaxxer.hikari.HikariDataSource       : HikariPool-1 - Start completed.
2022-12-19T20:44:15.666+05:00  INFO 1816 --- [main] SQL dialect                              : HHH000400: Using dialect: org.hibernate.dialect.PostgreSQLDialect
2022-12-19T20:44:16.259+05:00  INFO 1816 --- [main] o.h.e.t.j.p.i.JtaPlatformInitiator       : HHH000490: Using JtaPlatform implementation: [org.hibernate.engine.transaction.jta.platform.internal.NoJtaPlatform]
2022-12-19T20:44:16.266+05:00  INFO 1816 --- [main] j.LocalContainerEntityManagerFactoryBean : Initialized JPA EntityManagerFactory for persistence unit 'default'
2022-12-19T20:44:16.544+05:00  WARN 1816 --- [main] JpaBaseConfiguration$JpaWebConfiguration : spring.jpa.open-in-view is enabled by default. Therefore, database queries may be performed during view rendering. Explicitly configure spring.jpa.open-in-view to disable this warning
2022-12-19T20:44:16.809+05:00  INFO 1816 --- [main] o.s.s.web.DefaultSecurityFilterChain     : Will secure any request with [org.springframework.security.web.session.DisableEncodeUrlFilter@3ea1729e, org.springframework.security.web.context.request.async.WebAsyncManagerIntegrationFilter@6956eb58, org.springframework.security.web.context.SecurityContextHolderFilter@174f0d06, org.springframework.security.web.header.HeaderWriterFilter@237d0625, org.springframework.security.web.authentication.logout.LogoutFilter@54b96813, org.springframework.security.web.authentication.www.BasicAuthenticationFilter@5d515e2c, org.springframework.security.web.savedrequest.RequestCacheAwareFilter@706690e1, org.springframework.security.web.servletapi.SecurityContextHolderAwareRequestFilter@3663af34, org.springframework.security.web.authentication.AnonymousAuthenticationFilter@7fff419d, org.springframework.security.web.access.ExceptionTranslationFilter@1a390b8c, org.springframework.security.web.access.intercept.FilterSecurityInterceptor@755009f2]
2022-12-19T20:44:16.985+05:00  INFO 1816 --- [main] o.s.b.w.embedded.tomcat.TomcatWebServer  : Tomcat started on port(s): 8080 (http) with context path ''
2022-12-19T20:44:16.993+05:00  INFO 1816 --- [main] c.example.security.SecurityApplication   : Started SecurityApplication in 3.743 seconds (process running for 4.401)
2022-12-19T20:44:18.213+05:00  INFO 1816 --- [http-nio-8080-exec-1] o.a.c.c.C.[Tomcat].[localhost].[/]       : Initializing Spring DispatcherServlet 'dispatcherServlet'
2022-12-19T20:44:18.213+05:00  INFO 1816 --- [http-nio-8080-exec-1] o.s.web.servlet.DispatcherServlet        : Initializing Servlet 'dispatcherServlet'
2022-12-19T20:44:18.214+05:00  INFO 1816 --- [http-nio-8080-exec-1] o.s.web.servlet.DispatcherServlet        : Completed initialization in 1 ms
2022-12-19T21:50:31.166+05:00  INFO 1816 --- [SpringApplicationShutdownHook] j.LocalContainerEntityManagerFactoryBean : Closing JPA EntityManagerFactory for persistence unit 'default'
2022-12-19T21:50:31.177+05:00  INFO 1816 --- [SpringApplicationShutdownHook] com.zaxxer.hikari.HikariDataSource       : HikariPool-1 - Shutdown initiated...
2022-12-19T21:50:31.182+05:00  INFO 1816 --- [SpringApplicationShutdownHook] com.zaxxer.hikari.HikariDataSource       : HikariPool-1 - Shutdown completed.
2022-12-19T21:50:37.997+05:00  INFO 17112 --- [main] c.example.security.SecurityApplication   : Starting SecurityApplication using Java 17.0.2 with PID 17112 (E:\Java\6-modul\Security\target\classes started by User in E:\Java\6-modul\Security)
2022-12-19T21:50:38.013+05:00 DEBUG 17112 --- [main] c.example.security.SecurityApplication   : Running with Spring Boot v3.0.0, Spring v6.0.2
2022-12-19T21:50:38.014+05:00  INFO 17112 --- [main] c.example.security.SecurityApplication   : No active profile set, falling back to 1 default profile: "default"
2022-12-19T21:50:38.581+05:00  INFO 17112 --- [main] .s.d.r.c.RepositoryConfigurationDelegate : Bootstrapping Spring Data JPA repositories in DEFAULT mode.
2022-12-19T21:50:38.632+05:00  INFO 17112 --- [main] .s.d.r.c.RepositoryConfigurationDelegate : Finished Spring Data repository scanning in 45 ms. Found 1 JPA repository interfaces.
2022-12-19T21:50:39.164+05:00  INFO 17112 --- [main] o.s.b.w.embedded.tomcat.TomcatWebServer  : Tomcat initialized with port(s): 8080 (http)
2022-12-19T21:50:39.174+05:00  INFO 17112 --- [main] o.apache.catalina.core.StandardService   : Starting service [Tomcat]
2022-12-19T21:50:39.174+05:00  INFO 17112 --- [main] o.apache.catalina.core.StandardEngine    : Starting Servlet engine: [Apache Tomcat/10.1.1]
2022-12-19T21:50:39.258+05:00  INFO 17112 --- [main] o.a.c.c.C.[Tomcat].[localhost].[/]       : Initializing Spring embedded WebApplicationContext
2022-12-19T21:50:39.259+05:00  INFO 17112 --- [main] w.s.c.ServletWebServerApplicationContext : Root WebApplicationContext: initialization completed in 1202 ms
2022-12-19T21:50:39.380+05:00  INFO 17112 --- [main] o.hibernate.jpa.internal.util.LogHelper  : HHH000204: Processing PersistenceUnitInfo [name: default]
2022-12-19T21:50:39.438+05:00  INFO 17112 --- [main] org.hibernate.Version                    : HHH000412: Hibernate ORM core version 6.1.5.Final
2022-12-19T21:50:39.578+05:00  WARN 17112 --- [main] org.hibernate.orm.deprecation            : HHH90000021: Encountered deprecated setting [javax.persistence.sharedCache.mode], use [jakarta.persistence.sharedCache.mode] instead
2022-12-19T21:50:39.727+05:00  INFO 17112 --- [main] com.zaxxer.hikari.HikariDataSource       : HikariPool-1 - Starting...
2022-12-19T21:50:39.893+05:00  INFO 17112 --- [main] com.zaxxer.hikari.pool.HikariPool        : HikariPool-1 - Added connection org.postgresql.jdbc.PgConnection@48567727
2022-12-19T21:50:39.895+05:00  INFO 17112 --- [main] com.zaxxer.hikari.HikariDataSource       : HikariPool-1 - Start completed.
2022-12-19T21:50:40.007+05:00  INFO 17112 --- [main] SQL dialect                              : HHH000400: Using dialect: org.hibernate.dialect.PostgreSQLDialect
2022-12-19T21:50:40.662+05:00  INFO 17112 --- [main] o.h.e.t.j.p.i.JtaPlatformInitiator       : HHH000490: Using JtaPlatform implementation: [org.hibernate.engine.transaction.jta.platform.internal.NoJtaPlatform]
2022-12-19T21:50:40.670+05:00  INFO 17112 --- [main] j.LocalContainerEntityManagerFactoryBean : Initialized JPA EntityManagerFactory for persistence unit 'default'
2022-12-19T21:50:40.956+05:00 DEBUG 17112 --- [main] com.example.security.config.JwtFilter    : Filter 'jwtFilter' configured for use
2022-12-19T21:50:41.001+05:00  WARN 17112 --- [main] JpaBaseConfiguration$JpaWebConfiguration : spring.jpa.open-in-view is enabled by default. Therefore, database queries may be performed during view rendering. Explicitly configure spring.jpa.open-in-view to disable this warning
2022-12-19T21:50:41.239+05:00  INFO 17112 --- [main] o.s.s.web.DefaultSecurityFilterChain     : Will secure any request with [org.springframework.security.web.session.DisableEncodeUrlFilter@95f1422, org.springframework.security.web.context.request.async.WebAsyncManagerIntegrationFilter@31b7112d, org.springframework.security.web.context.SecurityContextHolderFilter@29d81c22, org.springframework.security.web.header.HeaderWriterFilter@15549dd7, org.springframework.security.web.authentication.logout.LogoutFilter@5527dbb0, com.example.security.config.JwtFilter@362c48c, org.springframework.security.web.savedrequest.RequestCacheAwareFilter@2bee1c13, org.springframework.security.web.servletapi.SecurityContextHolderAwareRequestFilter@1859b996, org.springframework.security.web.authentication.AnonymousAuthenticationFilter@47fc9ce, org.springframework.security.web.access.ExceptionTranslationFilter@430f0c63, org.springframework.security.web.access.intercept.FilterSecurityInterceptor@25a2f432]
2022-12-19T21:50:41.401+05:00  INFO 17112 --- [main] o.s.b.w.embedded.tomcat.TomcatWebServer  : Tomcat started on port(s): 8080 (http) with context path ''
2022-12-19T21:50:41.410+05:00  INFO 17112 --- [main] c.example.security.SecurityApplication   : Started SecurityApplication in 3.93 seconds (process running for 4.557)
2022-12-19T21:52:13.380+05:00  INFO 17112 --- [http-nio-8080-exec-1] o.a.c.c.C.[Tomcat].[localhost].[/]       : Initializing Spring DispatcherServlet 'dispatcherServlet'
2022-12-19T21:52:13.381+05:00  INFO 17112 --- [http-nio-8080-exec-1] o.s.web.servlet.DispatcherServlet        : Initializing Servlet 'dispatcherServlet'
2022-12-19T21:52:13.382+05:00  INFO 17112 --- [http-nio-8080-exec-1] o.s.web.servlet.DispatcherServlet        : Completed initialization in 1 ms
2022-12-19T21:52:35.935+05:00  WARN 17112 --- [http-nio-8080-exec-2] .w.s.m.s.DefaultHandlerExceptionResolver : Resolved [org.springframework.web.HttpRequestMethodNotSupportedException: Request method 'GET' is not supported]
2022-12-19T21:52:35.992+05:00  WARN 17112 --- [http-nio-8080-exec-3] .w.s.m.s.DefaultHandlerExceptionResolver : Resolved [org.springframework.web.HttpRequestMethodNotSupportedException: Request method 'GET' is not supported]
2022-12-19T21:52:36.006+05:00  WARN 17112 --- [http-nio-8080-exec-4] .w.s.m.s.DefaultHandlerExceptionResolver : Resolved [org.springframework.web.HttpRequestMethodNotSupportedException: Request method 'GET' is not supported]
2022-12-19T21:52:36.120+05:00  WARN 17112 --- [http-nio-8080-exec-5] .w.s.m.s.DefaultHandlerExceptionResolver : Resolved [org.springframework.web.HttpRequestMethodNotSupportedException: Request method 'GET' is not supported]
2022-12-19T21:59:04.806+05:00  INFO 17112 --- [SpringApplicationShutdownHook] j.LocalContainerEntityManagerFactoryBean : Closing JPA EntityManagerFactory for persistence unit 'default'
2022-12-19T21:59:04.809+05:00  INFO 17112 --- [SpringApplicationShutdownHook] com.zaxxer.hikari.HikariDataSource       : HikariPool-1 - Shutdown initiated...
2022-12-19T21:59:04.812+05:00  INFO 17112 --- [SpringApplicationShutdownHook] com.zaxxer.hikari.HikariDataSource       : HikariPool-1 - Shutdown completed.
2022-12-19T21:59:08.943+05:00  INFO 3108 --- [main] c.example.security.SecurityApplication   : Starting SecurityApplication using Java 17.0.2 with PID 3108 (E:\Java\6-modul\Security\target\classes started by User in E:\Java\6-modul\Security)
2022-12-19T21:59:08.961+05:00 DEBUG 3108 --- [main] c.example.security.SecurityApplication   : Running with Spring Boot v3.0.0, Spring v6.0.2
2022-12-19T21:59:08.963+05:00  INFO 3108 --- [main] c.example.security.SecurityApplication   : No active profile set, falling back to 1 default profile: "default"
2022-12-19T21:59:09.552+05:00  INFO 3108 --- [main] .s.d.r.c.RepositoryConfigurationDelegate : Bootstrapping Spring Data JPA repositories in DEFAULT mode.
2022-12-19T21:59:09.599+05:00  INFO 3108 --- [main] .s.d.r.c.RepositoryConfigurationDelegate : Finished Spring Data repository scanning in 41 ms. Found 1 JPA repository interfaces.
2022-12-19T21:59:10.031+05:00  INFO 3108 --- [main] o.s.b.w.embedded.tomcat.TomcatWebServer  : Tomcat initialized with port(s): 8080 (http)
2022-12-19T21:59:10.040+05:00  INFO 3108 --- [main] o.apache.catalina.core.StandardService   : Starting service [Tomcat]
2022-12-19T21:59:10.040+05:00  INFO 3108 --- [main] o.apache.catalina.core.StandardEngine    : Starting Servlet engine: [Apache Tomcat/10.1.1]
2022-12-19T21:59:10.120+05:00  INFO 3108 --- [main] o.a.c.c.C.[Tomcat].[localhost].[/]       : Initializing Spring embedded WebApplicationContext
2022-12-19T21:59:10.121+05:00  INFO 3108 --- [main] w.s.c.ServletWebServerApplicationContext : Root WebApplicationContext: initialization completed in 1106 ms
2022-12-19T21:59:10.243+05:00  INFO 3108 --- [main] o.hibernate.jpa.internal.util.LogHelper  : HHH000204: Processing PersistenceUnitInfo [name: default]
2022-12-19T21:59:10.290+05:00  INFO 3108 --- [main] org.hibernate.Version                    : HHH000412: Hibernate ORM core version 6.1.5.Final
2022-12-19T21:59:10.412+05:00  WARN 3108 --- [main] org.hibernate.orm.deprecation            : HHH90000021: Encountered deprecated setting [javax.persistence.sharedCache.mode], use [jakarta.persistence.sharedCache.mode] instead
2022-12-19T21:59:10.516+05:00  INFO 3108 --- [main] com.zaxxer.hikari.HikariDataSource       : HikariPool-1 - Starting...
2022-12-19T21:59:10.659+05:00  INFO 3108 --- [main] com.zaxxer.hikari.pool.HikariPool        : HikariPool-1 - Added connection org.postgresql.jdbc.PgConnection@10e9a5fe
2022-12-19T21:59:10.661+05:00  INFO 3108 --- [main] com.zaxxer.hikari.HikariDataSource       : HikariPool-1 - Start completed.
2022-12-19T21:59:10.719+05:00  INFO 3108 --- [main] SQL dialect                              : HHH000400: Using dialect: org.hibernate.dialect.PostgreSQLDialect
2022-12-19T21:59:11.388+05:00  INFO 3108 --- [main] o.h.e.t.j.p.i.JtaPlatformInitiator       : HHH000490: Using JtaPlatform implementation: [org.hibernate.engine.transaction.jta.platform.internal.NoJtaPlatform]
2022-12-19T21:59:11.400+05:00  INFO 3108 --- [main] j.LocalContainerEntityManagerFactoryBean : Initialized JPA EntityManagerFactory for persistence unit 'default'
2022-12-19T21:59:11.731+05:00 DEBUG 3108 --- [main] com.example.security.config.JwtFilter    : Filter 'jwtFilter' configured for use
2022-12-19T21:59:11.778+05:00  WARN 3108 --- [main] JpaBaseConfiguration$JpaWebConfiguration : spring.jpa.open-in-view is enabled by default. Therefore, database queries may be performed during view rendering. Explicitly configure spring.jpa.open-in-view to disable this warning
2022-12-19T21:59:12.036+05:00  INFO 3108 --- [main] o.s.s.web.DefaultSecurityFilterChain     : Will secure any request with [org.springframework.security.web.session.DisableEncodeUrlFilter@31b7112d, org.springframework.security.web.context.request.async.WebAsyncManagerIntegrationFilter@47fc9ce, org.springframework.security.web.context.SecurityContextHolderFilter@18d396eb, org.springframework.security.web.header.HeaderWriterFilter@1e75af65, org.springframework.security.web.authentication.logout.LogoutFilter@483fe83a, com.example.security.config.JwtFilter@62aee901, org.springframework.security.web.savedrequest.RequestCacheAwareFilter@1859b996, org.springframework.security.web.servletapi.SecurityContextHolderAwareRequestFilter@71098fb3, org.springframework.security.web.authentication.AnonymousAuthenticationFilter@1b5d1d9, org.springframework.security.web.access.ExceptionTranslationFilter@25a52a60, org.springframework.security.web.access.intercept.FilterSecurityInterceptor@7efba9b9]
2022-12-19T21:59:12.227+05:00  INFO 3108 --- [main] o.s.b.w.embedded.tomcat.TomcatWebServer  : Tomcat started on port(s): 8080 (http) with context path ''
2022-12-19T21:59:12.235+05:00  INFO 3108 --- [main] c.example.security.SecurityApplication   : Started SecurityApplication in 3.694 seconds (process running for 4.265)
2022-12-19T21:59:19.628+05:00  INFO 3108 --- [http-nio-8080-exec-1] o.a.c.c.C.[Tomcat].[localhost].[/]       : Initializing Spring DispatcherServlet 'dispatcherServlet'
2022-12-19T21:59:19.628+05:00  INFO 3108 --- [http-nio-8080-exec-1] o.s.web.servlet.DispatcherServlet        : Initializing Servlet 'dispatcherServlet'
2022-12-19T21:59:19.630+05:00  INFO 3108 --- [http-nio-8080-exec-1] o.s.web.servlet.DispatcherServlet        : Completed initialization in 1 ms
2022-12-19T22:01:11.654+05:00  INFO 3108 --- [SpringApplicationShutdownHook] j.LocalContainerEntityManagerFactoryBean : Closing JPA EntityManagerFactory for persistence unit 'default'
2022-12-19T22:01:11.656+05:00  INFO 3108 --- [SpringApplicationShutdownHook] com.zaxxer.hikari.HikariDataSource       : HikariPool-1 - Shutdown initiated...
2022-12-19T22:01:11.658+05:00  INFO 3108 --- [SpringApplicationShutdownHook] com.zaxxer.hikari.HikariDataSource       : HikariPool-1 - Shutdown completed.
2022-12-19T22:01:16.419+05:00  INFO 6176 --- [main] c.example.security.SecurityApplication   : Starting SecurityApplication using Java 17.0.2 with PID 6176 (E:\Java\6-modul\Security\target\classes started by User in E:\Java\6-modul\Security)
2022-12-19T22:01:16.441+05:00 DEBUG 6176 --- [main] c.example.security.SecurityApplication   : Running with Spring Boot v3.0.0, Spring v6.0.2
2022-12-19T22:01:16.442+05:00  INFO 6176 --- [main] c.example.security.SecurityApplication   : No active profile set, falling back to 1 default profile: "default"
2022-12-19T22:01:17.028+05:00  INFO 6176 --- [main] .s.d.r.c.RepositoryConfigurationDelegate : Bootstrapping Spring Data JPA repositories in DEFAULT mode.
2022-12-19T22:01:17.074+05:00  INFO 6176 --- [main] .s.d.r.c.RepositoryConfigurationDelegate : Finished Spring Data repository scanning in 40 ms. Found 1 JPA repository interfaces.
2022-12-19T22:01:17.593+05:00  INFO 6176 --- [main] o.s.b.w.embedded.tomcat.TomcatWebServer  : Tomcat initialized with port(s): 8080 (http)
2022-12-19T22:01:17.602+05:00  INFO 6176 --- [main] o.apache.catalina.core.StandardService   : Starting service [Tomcat]
2022-12-19T22:01:17.603+05:00  INFO 6176 --- [main] o.apache.catalina.core.StandardEngine    : Starting Servlet engine: [Apache Tomcat/10.1.1]
2022-12-19T22:01:17.679+05:00  INFO 6176 --- [main] o.a.c.c.C.[Tomcat].[localhost].[/]       : Initializing Spring embedded WebApplicationContext
2022-12-19T22:01:17.679+05:00  INFO 6176 --- [main] w.s.c.ServletWebServerApplicationContext : Root WebApplicationContext: initialization completed in 1184 ms
2022-12-19T22:01:17.776+05:00  INFO 6176 --- [main] o.hibernate.jpa.internal.util.LogHelper  : HHH000204: Processing PersistenceUnitInfo [name: default]
2022-12-19T22:01:17.836+05:00  INFO 6176 --- [main] org.hibernate.Version                    : HHH000412: Hibernate ORM core version 6.1.5.Final
2022-12-19T22:01:17.978+05:00  WARN 6176 --- [main] org.hibernate.orm.deprecation            : HHH90000021: Encountered deprecated setting [javax.persistence.sharedCache.mode], use [jakarta.persistence.sharedCache.mode] instead
2022-12-19T22:01:18.091+05:00  INFO 6176 --- [main] com.zaxxer.hikari.HikariDataSource       : HikariPool-1 - Starting...
2022-12-19T22:01:18.277+05:00  INFO 6176 --- [main] com.zaxxer.hikari.pool.HikariPool        : HikariPool-1 - Added connection org.postgresql.jdbc.PgConnection@10e9a5fe
2022-12-19T22:01:18.279+05:00  INFO 6176 --- [main] com.zaxxer.hikari.HikariDataSource       : HikariPool-1 - Start completed.
2022-12-19T22:01:18.340+05:00  INFO 6176 --- [main] SQL dialect                              : HHH000400: Using dialect: org.hibernate.dialect.PostgreSQLDialect
2022-12-19T22:01:19.013+05:00  INFO 6176 --- [main] o.h.e.t.j.p.i.JtaPlatformInitiator       : HHH000490: Using JtaPlatform implementation: [org.hibernate.engine.transaction.jta.platform.internal.NoJtaPlatform]
2022-12-19T22:01:19.021+05:00  INFO 6176 --- [main] j.LocalContainerEntityManagerFactoryBean : Initialized JPA EntityManagerFactory for persistence unit 'default'
2022-12-19T22:01:19.292+05:00 DEBUG 6176 --- [main] com.example.security.config.JwtFilter    : Filter 'jwtFilter' configured for use
2022-12-19T22:01:19.333+05:00  WARN 6176 --- [main] JpaBaseConfiguration$JpaWebConfiguration : spring.jpa.open-in-view is enabled by default. Therefore, database queries may be performed during view rendering. Explicitly configure spring.jpa.open-in-view to disable this warning
2022-12-19T22:01:19.590+05:00  INFO 6176 --- [main] o.s.s.web.DefaultSecurityFilterChain     : Will secure any request with [org.springframework.security.web.session.DisableEncodeUrlFilter@31b7112d, org.springframework.security.web.context.request.async.WebAsyncManagerIntegrationFilter@47fc9ce, org.springframework.security.web.context.SecurityContextHolderFilter@18d396eb, org.springframework.security.web.header.HeaderWriterFilter@1e75af65, org.springframework.security.web.authentication.logout.LogoutFilter@483fe83a, com.example.security.config.JwtFilter@62aee901, org.springframework.security.web.savedrequest.RequestCacheAwareFilter@1859b996, org.springframework.security.web.servletapi.SecurityContextHolderAwareRequestFilter@71098fb3, org.springframework.security.web.authentication.AnonymousAuthenticationFilter@1b5d1d9, org.springframework.security.web.access.ExceptionTranslationFilter@25a52a60, org.springframework.security.web.access.intercept.FilterSecurityInterceptor@7efba9b9]
2022-12-19T22:01:19.790+05:00  INFO 6176 --- [main] o.s.b.w.embedded.tomcat.TomcatWebServer  : Tomcat started on port(s): 8080 (http) with context path ''
2022-12-19T22:01:19.800+05:00  INFO 6176 --- [main] c.example.security.SecurityApplication   : Started SecurityApplication in 3.87 seconds (process running for 4.422)
2022-12-19T22:01:20.254+05:00  INFO 6176 --- [http-nio-8080-exec-1] o.a.c.c.C.[Tomcat].[localhost].[/]       : Initializing Spring DispatcherServlet 'dispatcherServlet'
2022-12-19T22:01:20.254+05:00  INFO 6176 --- [http-nio-8080-exec-1] o.s.web.servlet.DispatcherServlet        : Initializing Servlet 'dispatcherServlet'
2022-12-19T22:01:20.256+05:00  INFO 6176 --- [http-nio-8080-exec-1] o.s.web.servlet.DispatcherServlet        : Completed initialization in 2 ms
2022-12-19T22:05:22.006+05:00  INFO 6176 --- [SpringApplicationShutdownHook] j.LocalContainerEntityManagerFactoryBean : Closing JPA EntityManagerFactory for persistence unit 'default'
2022-12-19T22:05:22.008+05:00  INFO 6176 --- [SpringApplicationShutdownHook] com.zaxxer.hikari.HikariDataSource       : HikariPool-1 - Shutdown initiated...
2022-12-19T22:05:22.011+05:00  INFO 6176 --- [SpringApplicationShutdownHook] com.zaxxer.hikari.HikariDataSource       : HikariPool-1 - Shutdown completed.
2022-12-19T22:05:26.143+05:00  INFO 10212 --- [main] c.example.security.SecurityApplication   : Starting SecurityApplication using Java 17.0.2 with PID 10212 (E:\Java\6-modul\Security\target\classes started by User in E:\Java\6-modul\Security)
2022-12-19T22:05:26.155+05:00 DEBUG 10212 --- [main] c.example.security.SecurityApplication   : Running with Spring Boot v3.0.0, Spring v6.0.2
2022-12-19T22:05:26.156+05:00  INFO 10212 --- [main] c.example.security.SecurityApplication   : No active profile set, falling back to 1 default profile: "default"
2022-12-19T22:05:26.707+05:00  INFO 10212 --- [main] .s.d.r.c.RepositoryConfigurationDelegate : Bootstrapping Spring Data JPA repositories in DEFAULT mode.
2022-12-19T22:05:26.753+05:00  INFO 10212 --- [main] .s.d.r.c.RepositoryConfigurationDelegate : Finished Spring Data repository scanning in 40 ms. Found 1 JPA repository interfaces.
2022-12-19T22:05:27.190+05:00  INFO 10212 --- [main] o.s.b.w.embedded.tomcat.TomcatWebServer  : Tomcat initialized with port(s): 8080 (http)
2022-12-19T22:05:27.199+05:00  INFO 10212 --- [main] o.apache.catalina.core.StandardService   : Starting service [Tomcat]
2022-12-19T22:05:27.199+05:00  INFO 10212 --- [main] o.apache.catalina.core.StandardEngine    : Starting Servlet engine: [Apache Tomcat/10.1.1]
2022-12-19T22:05:27.269+05:00  INFO 10212 --- [main] o.a.c.c.C.[Tomcat].[localhost].[/]       : Initializing Spring embedded WebApplicationContext
2022-12-19T22:05:27.271+05:00  INFO 10212 --- [main] w.s.c.ServletWebServerApplicationContext : Root WebApplicationContext: initialization completed in 1069 ms
2022-12-19T22:05:27.362+05:00  INFO 10212 --- [main] o.hibernate.jpa.internal.util.LogHelper  : HHH000204: Processing PersistenceUnitInfo [name: default]
2022-12-19T22:05:27.413+05:00  INFO 10212 --- [main] org.hibernate.Version                    : HHH000412: Hibernate ORM core version 6.1.5.Final
2022-12-19T22:05:27.567+05:00  WARN 10212 --- [main] org.hibernate.orm.deprecation            : HHH90000021: Encountered deprecated setting [javax.persistence.sharedCache.mode], use [jakarta.persistence.sharedCache.mode] instead
2022-12-19T22:05:27.674+05:00  INFO 10212 --- [main] com.zaxxer.hikari.HikariDataSource       : HikariPool-1 - Starting...
2022-12-19T22:05:27.831+05:00  INFO 10212 --- [main] com.zaxxer.hikari.pool.HikariPool        : HikariPool-1 - Added connection org.postgresql.jdbc.PgConnection@14457a95
2022-12-19T22:05:27.834+05:00  INFO 10212 --- [main] com.zaxxer.hikari.HikariDataSource       : HikariPool-1 - Start completed.
2022-12-19T22:05:27.890+05:00  INFO 10212 --- [main] SQL dialect                              : HHH000400: Using dialect: org.hibernate.dialect.PostgreSQLDialect
2022-12-19T22:05:28.548+05:00  INFO 10212 --- [main] o.h.e.t.j.p.i.JtaPlatformInitiator       : HHH000490: Using JtaPlatform implementation: [org.hibernate.engine.transaction.jta.platform.internal.NoJtaPlatform]
2022-12-19T22:05:28.558+05:00  INFO 10212 --- [main] j.LocalContainerEntityManagerFactoryBean : Initialized JPA EntityManagerFactory for persistence unit 'default'
2022-12-19T22:05:28.847+05:00 DEBUG 10212 --- [main] com.example.security.config.JwtFilter    : Filter 'jwtFilter' configured for use
2022-12-19T22:05:28.898+05:00  WARN 10212 --- [main] JpaBaseConfiguration$JpaWebConfiguration : spring.jpa.open-in-view is enabled by default. Therefore, database queries may be performed during view rendering. Explicitly configure spring.jpa.open-in-view to disable this warning
2022-12-19T22:05:29.153+05:00  INFO 10212 --- [main] o.s.s.web.DefaultSecurityFilterChain     : Will secure any request with [org.springframework.security.web.session.DisableEncodeUrlFilter@301f9aa0, org.springframework.security.web.context.request.async.WebAsyncManagerIntegrationFilter@2f82e3cf, org.springframework.security.web.context.SecurityContextHolderFilter@160e45c8, org.springframework.security.web.header.HeaderWriterFilter@5f26cb8b, org.springframework.security.web.authentication.logout.LogoutFilter@6f69b0ba, com.example.security.config.JwtFilter@31a024ea, org.springframework.security.web.savedrequest.RequestCacheAwareFilter@17e8caf2, org.springframework.security.web.servletapi.SecurityContextHolderAwareRequestFilter@104cf647, org.springframework.security.web.authentication.AnonymousAuthenticationFilter@3a44993c, org.springframework.security.web.access.ExceptionTranslationFilter@15a8bbe5, org.springframework.security.web.access.intercept.FilterSecurityInterceptor@5186b78a]
2022-12-19T22:05:29.393+05:00  INFO 10212 --- [main] o.s.b.w.embedded.tomcat.TomcatWebServer  : Tomcat started on port(s): 8080 (http) with context path ''
2022-12-19T22:05:29.405+05:00  INFO 10212 --- [main] c.example.security.SecurityApplication   : Started SecurityApplication in 3.646 seconds (process running for 4.22)
2022-12-19T22:05:38.002+05:00  INFO 10212 --- [http-nio-8080-exec-1] o.a.c.c.C.[Tomcat].[localhost].[/]       : Initializing Spring DispatcherServlet 'dispatcherServlet'
2022-12-19T22:05:38.002+05:00  INFO 10212 --- [http-nio-8080-exec-1] o.s.web.servlet.DispatcherServlet        : Initializing Servlet 'dispatcherServlet'
2022-12-19T22:05:38.004+05:00  INFO 10212 --- [http-nio-8080-exec-1] o.s.web.servlet.DispatcherServlet        : Completed initialization in 1 ms
2022-12-19T22:05:38.019+05:00 ERROR 10212 --- [http-nio-8080-exec-1] o.a.c.c.C.[.[.[/].[dispatcherServlet]    : Servlet.service() for servlet [dispatcherServlet] in context with path [] threw exception

java.lang.NullPointerException: Cannot invoke "String.startsWith(String)" because "authHeader" is null
	at com.example.security.config.JwtFilter.doFilterInternal(JwtFilter.java:37) ~[classes/:na]
	at org.springframework.web.filter.OncePerRequestFilter.doFilter(OncePerRequestFilter.java:116) ~[spring-web-6.0.2.jar:6.0.2]
	at org.springframework.security.web.FilterChainProxy$VirtualFilterChain.doFilter(FilterChainProxy.java:374) ~[spring-security-web-6.0.0.jar:6.0.0]
	at org.springframework.security.web.authentication.logout.LogoutFilter.doFilter(LogoutFilter.java:107) ~[spring-security-web-6.0.0.jar:6.0.0]
	at org.springframework.security.web.authentication.logout.LogoutFilter.doFilter(LogoutFilter.java:93) ~[spring-security-web-6.0.0.jar:6.0.0]
	at org.springframework.security.web.FilterChainProxy$VirtualFilterChain.doFilter(FilterChainProxy.java:374) ~[spring-security-web-6.0.0.jar:6.0.0]
	at org.springframework.security.web.header.HeaderWriterFilter.doHeadersAfter(HeaderWriterFilter.java:90) ~[spring-security-web-6.0.0.jar:6.0.0]
	at org.springframework.security.web.header.HeaderWriterFilter.doFilterInternal(HeaderWriterFilter.java:75) ~[spring-security-web-6.0.0.jar:6.0.0]
	at org.springframework.web.filter.OncePerRequestFilter.doFilter(OncePerRequestFilter.java:116) ~[spring-web-6.0.2.jar:6.0.2]
	at org.springframework.security.web.FilterChainProxy$VirtualFilterChain.doFilter(FilterChainProxy.java:374) ~[spring-security-web-6.0.0.jar:6.0.0]
	at org.springframework.security.web.context.SecurityContextHolderFilter.doFilterInternal(SecurityContextHolderFilter.java:69) ~[spring-security-web-6.0.0.jar:6.0.0]
	at org.springframework.web.filter.OncePerRequestFilter.doFilter(OncePerRequestFilter.java:116) ~[spring-web-6.0.2.jar:6.0.2]
	at org.springframework.security.web.FilterChainProxy$VirtualFilterChain.doFilter(FilterChainProxy.java:374) ~[spring-security-web-6.0.0.jar:6.0.0]
	at org.springframework.security.web.context.request.async.WebAsyncManagerIntegrationFilter.doFilterInternal(WebAsyncManagerIntegrationFilter.java:62) ~[spring-security-web-6.0.0.jar:6.0.0]
	at org.springframework.web.filter.OncePerRequestFilter.doFilter(OncePerRequestFilter.java:116) ~[spring-web-6.0.2.jar:6.0.2]
	at org.springframework.security.web.FilterChainProxy$VirtualFilterChain.doFilter(FilterChainProxy.java:374) ~[spring-security-web-6.0.0.jar:6.0.0]
	at org.springframework.security.web.session.DisableEncodeUrlFilter.doFilterInternal(DisableEncodeUrlFilter.java:42) ~[spring-security-web-6.0.0.jar:6.0.0]
	at org.springframework.web.filter.OncePerRequestFilter.doFilter(OncePerRequestFilter.java:116) ~[spring-web-6.0.2.jar:6.0.2]
	at org.springframework.security.web.FilterChainProxy$VirtualFilterChain.doFilter(FilterChainProxy.java:374) ~[spring-security-web-6.0.0.jar:6.0.0]
	at org.springframework.security.web.FilterChainProxy.doFilterInternal(FilterChainProxy.java:233) ~[spring-security-web-6.0.0.jar:6.0.0]
	at org.springframework.security.web.FilterChainProxy.doFilter(FilterChainProxy.java:191) ~[spring-security-web-6.0.0.jar:6.0.0]
	at org.springframework.web.filter.DelegatingFilterProxy.invokeDelegate(DelegatingFilterProxy.java:351) ~[spring-web-6.0.2.jar:6.0.2]
	at org.springframework.web.filter.DelegatingFilterProxy.doFilter(DelegatingFilterProxy.java:267) ~[spring-web-6.0.2.jar:6.0.2]
	at org.apache.catalina.core.ApplicationFilterChain.internalDoFilter(ApplicationFilterChain.java:185) ~[tomcat-embed-core-10.1.1.jar:10.1.1]
	at org.apache.catalina.core.ApplicationFilterChain.doFilter(ApplicationFilterChain.java:158) ~[tomcat-embed-core-10.1.1.jar:10.1.1]
	at org.springframework.web.filter.RequestContextFilter.doFilterInternal(RequestContextFilter.java:100) ~[spring-web-6.0.2.jar:6.0.2]
	at org.springframework.web.filter.OncePerRequestFilter.doFilter(OncePerRequestFilter.java:116) ~[spring-web-6.0.2.jar:6.0.2]
	at org.apache.catalina.core.ApplicationFilterChain.internalDoFilter(ApplicationFilterChain.java:185) ~[tomcat-embed-core-10.1.1.jar:10.1.1]
	at org.apache.catalina.core.ApplicationFilterChain.doFilter(ApplicationFilterChain.java:158) ~[tomcat-embed-core-10.1.1.jar:10.1.1]
	at org.springframework.web.filter.FormContentFilter.doFilterInternal(FormContentFilter.java:93) ~[spring-web-6.0.2.jar:6.0.2]
	at org.springframework.web.filter.OncePerRequestFilter.doFilter(OncePerRequestFilter.java:116) ~[spring-web-6.0.2.jar:6.0.2]
	at org.apache.catalina.core.ApplicationFilterChain.internalDoFilter(ApplicationFilterChain.java:185) ~[tomcat-embed-core-10.1.1.jar:10.1.1]
	at org.apache.catalina.core.ApplicationFilterChain.doFilter(ApplicationFilterChain.java:158) ~[tomcat-embed-core-10.1.1.jar:10.1.1]
	at org.springframework.web.filter.CharacterEncodingFilter.doFilterInternal(CharacterEncodingFilter.java:201) ~[spring-web-6.0.2.jar:6.0.2]
	at org.springframework.web.filter.OncePerRequestFilter.doFilter(OncePerRequestFilter.java:116) ~[spring-web-6.0.2.jar:6.0.2]
	at org.apache.catalina.core.ApplicationFilterChain.internalDoFilter(ApplicationFilterChain.java:185) ~[tomcat-embed-core-10.1.1.jar:10.1.1]
	at org.apache.catalina.core.ApplicationFilterChain.doFilter(ApplicationFilterChain.java:158) ~[tomcat-embed-core-10.1.1.jar:10.1.1]
	at org.apache.catalina.core.StandardWrapperValve.invoke(StandardWrapperValve.java:197) ~[tomcat-embed-core-10.1.1.jar:10.1.1]
	at org.apache.catalina.core.StandardContextValve.invoke(StandardContextValve.java:97) ~[tomcat-embed-core-10.1.1.jar:10.1.1]
	at org.apache.catalina.authenticator.AuthenticatorBase.invoke(AuthenticatorBase.java:542) ~[tomcat-embed-core-10.1.1.jar:10.1.1]
	at org.apache.catalina.core.StandardHostValve.invoke(StandardHostValve.java:119) ~[tomcat-embed-core-10.1.1.jar:10.1.1]
	at org.apache.catalina.valves.ErrorReportValve.invoke(ErrorReportValve.java:92) ~[tomcat-embed-core-10.1.1.jar:10.1.1]
	at org.apache.catalina.core.StandardEngineValve.invoke(StandardEngineValve.java:78) ~[tomcat-embed-core-10.1.1.jar:10.1.1]
	at org.apache.catalina.connector.CoyoteAdapter.service(CoyoteAdapter.java:357) ~[tomcat-embed-core-10.1.1.jar:10.1.1]
	at org.apache.coyote.http11.Http11Processor.service(Http11Processor.java:400) ~[tomcat-embed-core-10.1.1.jar:10.1.1]
	at org.apache.coyote.AbstractProcessorLight.process(AbstractProcessorLight.java:65) ~[tomcat-embed-core-10.1.1.jar:10.1.1]
	at org.apache.coyote.AbstractProtocol$ConnectionHandler.process(AbstractProtocol.java:861) ~[tomcat-embed-core-10.1.1.jar:10.1.1]
	at org.apache.tomcat.util.net.NioEndpoint$SocketProcessor.doRun(NioEndpoint.java:1739) ~[tomcat-embed-core-10.1.1.jar:10.1.1]
	at org.apache.tomcat.util.net.SocketProcessorBase.run(SocketProcessorBase.java:52) ~[tomcat-embed-core-10.1.1.jar:10.1.1]
	at org.apache.tomcat.util.threads.ThreadPoolExecutor.runWorker(ThreadPoolExecutor.java:1191) ~[tomcat-embed-core-10.1.1.jar:10.1.1]
	at org.apache.tomcat.util.threads.ThreadPoolExecutor$Worker.run(ThreadPoolExecutor.java:659) ~[tomcat-embed-core-10.1.1.jar:10.1.1]
	at org.apache.tomcat.util.threads.TaskThread$WrappingRunnable.run(TaskThread.java:61) ~[tomcat-embed-core-10.1.1.jar:10.1.1]
	at java.base/java.lang.Thread.run(Thread.java:833) ~[na:na]

2022-12-19T22:05:43.806+05:00 ERROR 10212 --- [http-nio-8080-exec-3] o.a.c.c.C.[.[.[/].[dispatcherServlet]    : Servlet.service() for servlet [dispatcherServlet] in context with path [] threw exception

java.lang.NullPointerException: Cannot invoke "String.startsWith(String)" because "authHeader" is null
	at com.example.security.config.JwtFilter.doFilterInternal(JwtFilter.java:37) ~[classes/:na]
	at org.springframework.web.filter.OncePerRequestFilter.doFilter(OncePerRequestFilter.java:116) ~[spring-web-6.0.2.jar:6.0.2]
	at org.springframework.security.web.FilterChainProxy$VirtualFilterChain.doFilter(FilterChainProxy.java:374) ~[spring-security-web-6.0.0.jar:6.0.0]
	at org.springframework.security.web.authentication.logout.LogoutFilter.doFilter(LogoutFilter.java:107) ~[spring-security-web-6.0.0.jar:6.0.0]
	at org.springframework.security.web.authentication.logout.LogoutFilter.doFilter(LogoutFilter.java:93) ~[spring-security-web-6.0.0.jar:6.0.0]
	at org.springframework.security.web.FilterChainProxy$VirtualFilterChain.doFilter(FilterChainProxy.java:374) ~[spring-security-web-6.0.0.jar:6.0.0]
	at org.springframework.security.web.header.HeaderWriterFilter.doHeadersAfter(HeaderWriterFilter.java:90) ~[spring-security-web-6.0.0.jar:6.0.0]
	at org.springframework.security.web.header.HeaderWriterFilter.doFilterInternal(HeaderWriterFilter.java:75) ~[spring-security-web-6.0.0.jar:6.0.0]
	at org.springframework.web.filter.OncePerRequestFilter.doFilter(OncePerRequestFilter.java:116) ~[spring-web-6.0.2.jar:6.0.2]
	at org.springframework.security.web.FilterChainProxy$VirtualFilterChain.doFilter(FilterChainProxy.java:374) ~[spring-security-web-6.0.0.jar:6.0.0]
	at org.springframework.security.web.context.SecurityContextHolderFilter.doFilterInternal(SecurityContextHolderFilter.java:69) ~[spring-security-web-6.0.0.jar:6.0.0]
	at org.springframework.web.filter.OncePerRequestFilter.doFilter(OncePerRequestFilter.java:116) ~[spring-web-6.0.2.jar:6.0.2]
	at org.springframework.security.web.FilterChainProxy$VirtualFilterChain.doFilter(FilterChainProxy.java:374) ~[spring-security-web-6.0.0.jar:6.0.0]
	at org.springframework.security.web.context.request.async.WebAsyncManagerIntegrationFilter.doFilterInternal(WebAsyncManagerIntegrationFilter.java:62) ~[spring-security-web-6.0.0.jar:6.0.0]
	at org.springframework.web.filter.OncePerRequestFilter.doFilter(OncePerRequestFilter.java:116) ~[spring-web-6.0.2.jar:6.0.2]
	at org.springframework.security.web.FilterChainProxy$VirtualFilterChain.doFilter(FilterChainProxy.java:374) ~[spring-security-web-6.0.0.jar:6.0.0]
	at org.springframework.security.web.session.DisableEncodeUrlFilter.doFilterInternal(DisableEncodeUrlFilter.java:42) ~[spring-security-web-6.0.0.jar:6.0.0]
	at org.springframework.web.filter.OncePerRequestFilter.doFilter(OncePerRequestFilter.java:116) ~[spring-web-6.0.2.jar:6.0.2]
	at org.springframework.security.web.FilterChainProxy$VirtualFilterChain.doFilter(FilterChainProxy.java:374) ~[spring-security-web-6.0.0.jar:6.0.0]
	at org.springframework.security.web.FilterChainProxy.doFilterInternal(FilterChainProxy.java:233) ~[spring-security-web-6.0.0.jar:6.0.0]
	at org.springframework.security.web.FilterChainProxy.doFilter(FilterChainProxy.java:191) ~[spring-security-web-6.0.0.jar:6.0.0]
	at org.springframework.web.filter.DelegatingFilterProxy.invokeDelegate(DelegatingFilterProxy.java:351) ~[spring-web-6.0.2.jar:6.0.2]
	at org.springframework.web.filter.DelegatingFilterProxy.doFilter(DelegatingFilterProxy.java:267) ~[spring-web-6.0.2.jar:6.0.2]
	at org.apache.catalina.core.ApplicationFilterChain.internalDoFilter(ApplicationFilterChain.java:185) ~[tomcat-embed-core-10.1.1.jar:10.1.1]
	at org.apache.catalina.core.ApplicationFilterChain.doFilter(ApplicationFilterChain.java:158) ~[tomcat-embed-core-10.1.1.jar:10.1.1]
	at org.springframework.web.filter.RequestContextFilter.doFilterInternal(RequestContextFilter.java:100) ~[spring-web-6.0.2.jar:6.0.2]
	at org.springframework.web.filter.OncePerRequestFilter.doFilter(OncePerRequestFilter.java:116) ~[spring-web-6.0.2.jar:6.0.2]
	at org.apache.catalina.core.ApplicationFilterChain.internalDoFilter(ApplicationFilterChain.java:185) ~[tomcat-embed-core-10.1.1.jar:10.1.1]
	at org.apache.catalina.core.ApplicationFilterChain.doFilter(ApplicationFilterChain.java:158) ~[tomcat-embed-core-10.1.1.jar:10.1.1]
	at org.springframework.web.filter.FormContentFilter.doFilterInternal(FormContentFilter.java:93) ~[spring-web-6.0.2.jar:6.0.2]
	at org.springframework.web.filter.OncePerRequestFilter.doFilter(OncePerRequestFilter.java:116) ~[spring-web-6.0.2.jar:6.0.2]
	at org.apache.catalina.core.ApplicationFilterChain.internalDoFilter(ApplicationFilterChain.java:185) ~[tomcat-embed-core-10.1.1.jar:10.1.1]
	at org.apache.catalina.core.ApplicationFilterChain.doFilter(ApplicationFilterChain.java:158) ~[tomcat-embed-core-10.1.1.jar:10.1.1]
	at org.springframework.web.filter.CharacterEncodingFilter.doFilterInternal(CharacterEncodingFilter.java:201) ~[spring-web-6.0.2.jar:6.0.2]
	at org.springframework.web.filter.OncePerRequestFilter.doFilter(OncePerRequestFilter.java:116) ~[spring-web-6.0.2.jar:6.0.2]
	at org.apache.catalina.core.ApplicationFilterChain.internalDoFilter(ApplicationFilterChain.java:185) ~[tomcat-embed-core-10.1.1.jar:10.1.1]
	at org.apache.catalina.core.ApplicationFilterChain.doFilter(ApplicationFilterChain.java:158) ~[tomcat-embed-core-10.1.1.jar:10.1.1]
	at org.apache.catalina.core.StandardWrapperValve.invoke(StandardWrapperValve.java:197) ~[tomcat-embed-core-10.1.1.jar:10.1.1]
	at org.apache.catalina.core.StandardContextValve.invoke(StandardContextValve.java:97) ~[tomcat-embed-core-10.1.1.jar:10.1.1]
	at org.apache.catalina.authenticator.AuthenticatorBase.invoke(AuthenticatorBase.java:542) ~[tomcat-embed-core-10.1.1.jar:10.1.1]
	at org.apache.catalina.core.StandardHostValve.invoke(StandardHostValve.java:119) ~[tomcat-embed-core-10.1.1.jar:10.1.1]
	at org.apache.catalina.valves.ErrorReportValve.invoke(ErrorReportValve.java:92) ~[tomcat-embed-core-10.1.1.jar:10.1.1]
	at org.apache.catalina.core.StandardEngineValve.invoke(StandardEngineValve.java:78) ~[tomcat-embed-core-10.1.1.jar:10.1.1]
	at org.apache.catalina.connector.CoyoteAdapter.service(CoyoteAdapter.java:357) ~[tomcat-embed-core-10.1.1.jar:10.1.1]
	at org.apache.coyote.http11.Http11Processor.service(Http11Processor.java:400) ~[tomcat-embed-core-10.1.1.jar:10.1.1]
	at org.apache.coyote.AbstractProcessorLight.process(AbstractProcessorLight.java:65) ~[tomcat-embed-core-10.1.1.jar:10.1.1]
	at org.apache.coyote.AbstractProtocol$ConnectionHandler.process(AbstractProtocol.java:861) ~[tomcat-embed-core-10.1.1.jar:10.1.1]
	at org.apache.tomcat.util.net.NioEndpoint$SocketProcessor.doRun(NioEndpoint.java:1739) ~[tomcat-embed-core-10.1.1.jar:10.1.1]
	at org.apache.tomcat.util.net.SocketProcessorBase.run(SocketProcessorBase.java:52) ~[tomcat-embed-core-10.1.1.jar:10.1.1]
	at org.apache.tomcat.util.threads.ThreadPoolExecutor.runWorker(ThreadPoolExecutor.java:1191) ~[tomcat-embed-core-10.1.1.jar:10.1.1]
	at org.apache.tomcat.util.threads.ThreadPoolExecutor$Worker.run(ThreadPoolExecutor.java:659) ~[tomcat-embed-core-10.1.1.jar:10.1.1]
	at org.apache.tomcat.util.threads.TaskThread$WrappingRunnable.run(TaskThread.java:61) ~[tomcat-embed-core-10.1.1.jar:10.1.1]
	at java.base/java.lang.Thread.run(Thread.java:833) ~[na:na]

2022-12-19T22:05:45.007+05:00 ERROR 10212 --- [http-nio-8080-exec-5] o.a.c.c.C.[.[.[/].[dispatcherServlet]    : Servlet.service() for servlet [dispatcherServlet] in context with path [] threw exception

java.lang.NullPointerException: Cannot invoke "String.startsWith(String)" because "authHeader" is null
	at com.example.security.config.JwtFilter.doFilterInternal(JwtFilter.java:37) ~[classes/:na]
	at org.springframework.web.filter.OncePerRequestFilter.doFilter(OncePerRequestFilter.java:116) ~[spring-web-6.0.2.jar:6.0.2]
	at org.springframework.security.web.FilterChainProxy$VirtualFilterChain.doFilter(FilterChainProxy.java:374) ~[spring-security-web-6.0.0.jar:6.0.0]
	at org.springframework.security.web.authentication.logout.LogoutFilter.doFilter(LogoutFilter.java:107) ~[spring-security-web-6.0.0.jar:6.0.0]
	at org.springframework.security.web.authentication.logout.LogoutFilter.doFilter(LogoutFilter.java:93) ~[spring-security-web-6.0.0.jar:6.0.0]
	at org.springframework.security.web.FilterChainProxy$VirtualFilterChain.doFilter(FilterChainProxy.java:374) ~[spring-security-web-6.0.0.jar:6.0.0]
	at org.springframework.security.web.header.HeaderWriterFilter.doHeadersAfter(HeaderWriterFilter.java:90) ~[spring-security-web-6.0.0.jar:6.0.0]
	at org.springframework.security.web.header.HeaderWriterFilter.doFilterInternal(HeaderWriterFilter.java:75) ~[spring-security-web-6.0.0.jar:6.0.0]
	at org.springframework.web.filter.OncePerRequestFilter.doFilter(OncePerRequestFilter.java:116) ~[spring-web-6.0.2.jar:6.0.2]
	at org.springframework.security.web.FilterChainProxy$VirtualFilterChain.doFilter(FilterChainProxy.java:374) ~[spring-security-web-6.0.0.jar:6.0.0]
	at org.springframework.security.web.context.SecurityContextHolderFilter.doFilterInternal(SecurityContextHolderFilter.java:69) ~[spring-security-web-6.0.0.jar:6.0.0]
	at org.springframework.web.filter.OncePerRequestFilter.doFilter(OncePerRequestFilter.java:116) ~[spring-web-6.0.2.jar:6.0.2]
	at org.springframework.security.web.FilterChainProxy$VirtualFilterChain.doFilter(FilterChainProxy.java:374) ~[spring-security-web-6.0.0.jar:6.0.0]
	at org.springframework.security.web.context.request.async.WebAsyncManagerIntegrationFilter.doFilterInternal(WebAsyncManagerIntegrationFilter.java:62) ~[spring-security-web-6.0.0.jar:6.0.0]
	at org.springframework.web.filter.OncePerRequestFilter.doFilter(OncePerRequestFilter.java:116) ~[spring-web-6.0.2.jar:6.0.2]
	at org.springframework.security.web.FilterChainProxy$VirtualFilterChain.doFilter(FilterChainProxy.java:374) ~[spring-security-web-6.0.0.jar:6.0.0]
	at org.springframework.security.web.session.DisableEncodeUrlFilter.doFilterInternal(DisableEncodeUrlFilter.java:42) ~[spring-security-web-6.0.0.jar:6.0.0]
	at org.springframework.web.filter.OncePerRequestFilter.doFilter(OncePerRequestFilter.java:116) ~[spring-web-6.0.2.jar:6.0.2]
	at org.springframework.security.web.FilterChainProxy$VirtualFilterChain.doFilter(FilterChainProxy.java:374) ~[spring-security-web-6.0.0.jar:6.0.0]
	at org.springframework.security.web.FilterChainProxy.doFilterInternal(FilterChainProxy.java:233) ~[spring-security-web-6.0.0.jar:6.0.0]
	at org.springframework.security.web.FilterChainProxy.doFilter(FilterChainProxy.java:191) ~[spring-security-web-6.0.0.jar:6.0.0]
	at org.springframework.web.filter.DelegatingFilterProxy.invokeDelegate(DelegatingFilterProxy.java:351) ~[spring-web-6.0.2.jar:6.0.2]
	at org.springframework.web.filter.DelegatingFilterProxy.doFilter(DelegatingFilterProxy.java:267) ~[spring-web-6.0.2.jar:6.0.2]
	at org.apache.catalina.core.ApplicationFilterChain.internalDoFilter(ApplicationFilterChain.java:185) ~[tomcat-embed-core-10.1.1.jar:10.1.1]
	at org.apache.catalina.core.ApplicationFilterChain.doFilter(ApplicationFilterChain.java:158) ~[tomcat-embed-core-10.1.1.jar:10.1.1]
	at org.springframework.web.filter.RequestContextFilter.doFilterInternal(RequestContextFilter.java:100) ~[spring-web-6.0.2.jar:6.0.2]
	at org.springframework.web.filter.OncePerRequestFilter.doFilter(OncePerRequestFilter.java:116) ~[spring-web-6.0.2.jar:6.0.2]
	at org.apache.catalina.core.ApplicationFilterChain.internalDoFilter(ApplicationFilterChain.java:185) ~[tomcat-embed-core-10.1.1.jar:10.1.1]
	at org.apache.catalina.core.ApplicationFilterChain.doFilter(ApplicationFilterChain.java:158) ~[tomcat-embed-core-10.1.1.jar:10.1.1]
	at org.springframework.web.filter.FormContentFilter.doFilterInternal(FormContentFilter.java:93) ~[spring-web-6.0.2.jar:6.0.2]
	at org.springframework.web.filter.OncePerRequestFilter.doFilter(OncePerRequestFilter.java:116) ~[spring-web-6.0.2.jar:6.0.2]
	at org.apache.catalina.core.ApplicationFilterChain.internalDoFilter(ApplicationFilterChain.java:185) ~[tomcat-embed-core-10.1.1.jar:10.1.1]
	at org.apache.catalina.core.ApplicationFilterChain.doFilter(ApplicationFilterChain.java:158) ~[tomcat-embed-core-10.1.1.jar:10.1.1]
	at org.springframework.web.filter.CharacterEncodingFilter.doFilterInternal(CharacterEncodingFilter.java:201) ~[spring-web-6.0.2.jar:6.0.2]
	at org.springframework.web.filter.OncePerRequestFilter.doFilter(OncePerRequestFilter.java:116) ~[spring-web-6.0.2.jar:6.0.2]
	at org.apache.catalina.core.ApplicationFilterChain.internalDoFilter(ApplicationFilterChain.java:185) ~[tomcat-embed-core-10.1.1.jar:10.1.1]
	at org.apache.catalina.core.ApplicationFilterChain.doFilter(ApplicationFilterChain.java:158) ~[tomcat-embed-core-10.1.1.jar:10.1.1]
	at org.apache.catalina.core.StandardWrapperValve.invoke(StandardWrapperValve.java:197) ~[tomcat-embed-core-10.1.1.jar:10.1.1]
	at org.apache.catalina.core.StandardContextValve.invoke(StandardContextValve.java:97) ~[tomcat-embed-core-10.1.1.jar:10.1.1]
	at org.apache.catalina.authenticator.AuthenticatorBase.invoke(AuthenticatorBase.java:542) ~[tomcat-embed-core-10.1.1.jar:10.1.1]
	at org.apache.catalina.core.StandardHostValve.invoke(StandardHostValve.java:119) ~[tomcat-embed-core-10.1.1.jar:10.1.1]
	at org.apache.catalina.valves.ErrorReportValve.invoke(ErrorReportValve.java:92) ~[tomcat-embed-core-10.1.1.jar:10.1.1]
	at org.apache.catalina.core.StandardEngineValve.invoke(StandardEngineValve.java:78) ~[tomcat-embed-core-10.1.1.jar:10.1.1]
	at org.apache.catalina.connector.CoyoteAdapter.service(CoyoteAdapter.java:357) ~[tomcat-embed-core-10.1.1.jar:10.1.1]
	at org.apache.coyote.http11.Http11Processor.service(Http11Processor.java:400) ~[tomcat-embed-core-10.1.1.jar:10.1.1]
	at org.apache.coyote.AbstractProcessorLight.process(AbstractProcessorLight.java:65) ~[tomcat-embed-core-10.1.1.jar:10.1.1]
	at org.apache.coyote.AbstractProtocol$ConnectionHandler.process(AbstractProtocol.java:861) ~[tomcat-embed-core-10.1.1.jar:10.1.1]
	at org.apache.tomcat.util.net.NioEndpoint$SocketProcessor.doRun(NioEndpoint.java:1739) ~[tomcat-embed-core-10.1.1.jar:10.1.1]
	at org.apache.tomcat.util.net.SocketProcessorBase.run(SocketProcessorBase.java:52) ~[tomcat-embed-core-10.1.1.jar:10.1.1]
	at org.apache.tomcat.util.threads.ThreadPoolExecutor.runWorker(ThreadPoolExecutor.java:1191) ~[tomcat-embed-core-10.1.1.jar:10.1.1]
	at org.apache.tomcat.util.threads.ThreadPoolExecutor$Worker.run(ThreadPoolExecutor.java:659) ~[tomcat-embed-core-10.1.1.jar:10.1.1]
	at org.apache.tomcat.util.threads.TaskThread$WrappingRunnable.run(TaskThread.java:61) ~[tomcat-embed-core-10.1.1.jar:10.1.1]
	at java.base/java.lang.Thread.run(Thread.java:833) ~[na:na]

2022-12-19T22:07:25.027+05:00  INFO 10212 --- [SpringApplicationShutdownHook] j.LocalContainerEntityManagerFactoryBean : Closing JPA EntityManagerFactory for persistence unit 'default'
2022-12-19T22:07:25.030+05:00  INFO 10212 --- [SpringApplicationShutdownHook] com.zaxxer.hikari.HikariDataSource       : HikariPool-1 - Shutdown initiated...
2022-12-19T22:07:25.032+05:00  INFO 10212 --- [SpringApplicationShutdownHook] com.zaxxer.hikari.HikariDataSource       : HikariPool-1 - Shutdown completed.
2022-12-19T22:07:29.493+05:00  INFO 9868 --- [main] c.example.security.SecurityApplication   : Starting SecurityApplication using Java 17.0.2 with PID 9868 (E:\Java\6-modul\Security\target\classes started by User in E:\Java\6-modul\Security)
2022-12-19T22:07:29.508+05:00 DEBUG 9868 --- [main] c.example.security.SecurityApplication   : Running with Spring Boot v3.0.0, Spring v6.0.2
2022-12-19T22:07:29.509+05:00  INFO 9868 --- [main] c.example.security.SecurityApplication   : No active profile set, falling back to 1 default profile: "default"
2022-12-19T22:07:30.127+05:00  INFO 9868 --- [main] .s.d.r.c.RepositoryConfigurationDelegate : Bootstrapping Spring Data JPA repositories in DEFAULT mode.
2022-12-19T22:07:30.172+05:00  INFO 9868 --- [main] .s.d.r.c.RepositoryConfigurationDelegate : Finished Spring Data repository scanning in 38 ms. Found 1 JPA repository interfaces.
2022-12-19T22:07:30.662+05:00  INFO 9868 --- [main] o.s.b.w.embedded.tomcat.TomcatWebServer  : Tomcat initialized with port(s): 8080 (http)
2022-12-19T22:07:30.682+05:00  INFO 9868 --- [main] o.apache.catalina.core.StandardService   : Starting service [Tomcat]
2022-12-19T22:07:30.683+05:00  INFO 9868 --- [main] o.apache.catalina.core.StandardEngine    : Starting Servlet engine: [Apache Tomcat/10.1.1]
2022-12-19T22:07:30.814+05:00  INFO 9868 --- [main] o.a.c.c.C.[Tomcat].[localhost].[/]       : Initializing Spring embedded WebApplicationContext
2022-12-19T22:07:30.815+05:00  INFO 9868 --- [main] w.s.c.ServletWebServerApplicationContext : Root WebApplicationContext: initialization completed in 1253 ms
2022-12-19T22:07:30.961+05:00  INFO 9868 --- [main] o.hibernate.jpa.internal.util.LogHelper  : HHH000204: Processing PersistenceUnitInfo [name: default]
2022-12-19T22:07:31.008+05:00  INFO 9868 --- [main] org.hibernate.Version                    : HHH000412: Hibernate ORM core version 6.1.5.Final
2022-12-19T22:07:31.147+05:00  WARN 9868 --- [main] org.hibernate.orm.deprecation            : HHH90000021: Encountered deprecated setting [javax.persistence.sharedCache.mode], use [jakarta.persistence.sharedCache.mode] instead
2022-12-19T22:07:31.256+05:00  INFO 9868 --- [main] com.zaxxer.hikari.HikariDataSource       : HikariPool-1 - Starting...
2022-12-19T22:07:31.390+05:00  INFO 9868 --- [main] com.zaxxer.hikari.pool.HikariPool        : HikariPool-1 - Added connection org.postgresql.jdbc.PgConnection@1c62c3fd
2022-12-19T22:07:31.391+05:00  INFO 9868 --- [main] com.zaxxer.hikari.HikariDataSource       : HikariPool-1 - Start completed.
2022-12-19T22:07:31.442+05:00  INFO 9868 --- [main] SQL dialect                              : HHH000400: Using dialect: org.hibernate.dialect.PostgreSQLDialect
2022-12-19T22:07:32.075+05:00  INFO 9868 --- [main] o.h.e.t.j.p.i.JtaPlatformInitiator       : HHH000490: Using JtaPlatform implementation: [org.hibernate.engine.transaction.jta.platform.internal.NoJtaPlatform]
2022-12-19T22:07:32.082+05:00  INFO 9868 --- [main] j.LocalContainerEntityManagerFactoryBean : Initialized JPA EntityManagerFactory for persistence unit 'default'
2022-12-19T22:07:32.400+05:00 DEBUG 9868 --- [main] com.example.security.config.JwtFilter    : Filter 'jwtFilter' configured for use
2022-12-19T22:07:32.446+05:00  WARN 9868 --- [main] JpaBaseConfiguration$JpaWebConfiguration : spring.jpa.open-in-view is enabled by default. Therefore, database queries may be performed during view rendering. Explicitly configure spring.jpa.open-in-view to disable this warning
2022-12-19T22:07:32.734+05:00  INFO 9868 --- [main] o.s.s.web.DefaultSecurityFilterChain     : Will secure any request with [org.springframework.security.web.session.DisableEncodeUrlFilter@3ea1729e, org.springframework.security.web.context.request.async.WebAsyncManagerIntegrationFilter@6956eb58, org.springframework.security.web.context.SecurityContextHolderFilter@43e86c0c, org.springframework.security.web.header.HeaderWriterFilter@4271b748, org.springframework.security.web.authentication.logout.LogoutFilter@22e95960, com.example.security.config.JwtFilter@5265a8dd, org.springframework.security.web.savedrequest.RequestCacheAwareFilter@6d4c7248, org.springframework.security.web.servletapi.SecurityContextHolderAwareRequestFilter@178ebac3, org.springframework.security.web.authentication.AnonymousAuthenticationFilter@7fff419d, org.springframework.security.web.access.ExceptionTranslationFilter@2d36add1, org.springframework.security.web.access.intercept.FilterSecurityInterceptor@368d51ca]
2022-12-19T22:07:32.900+05:00  INFO 9868 --- [main] o.s.b.w.embedded.tomcat.TomcatWebServer  : Tomcat started on port(s): 8080 (http) with context path ''
2022-12-19T22:07:32.908+05:00  INFO 9868 --- [main] c.example.security.SecurityApplication   : Started SecurityApplication in 3.849 seconds (process running for 4.556)
2022-12-19T22:07:35.036+05:00  INFO 9868 --- [http-nio-8080-exec-1] o.a.c.c.C.[Tomcat].[localhost].[/]       : Initializing Spring DispatcherServlet 'dispatcherServlet'
2022-12-19T22:07:35.037+05:00  INFO 9868 --- [http-nio-8080-exec-1] o.s.web.servlet.DispatcherServlet        : Initializing Servlet 'dispatcherServlet'
2022-12-19T22:07:35.038+05:00  INFO 9868 --- [http-nio-8080-exec-1] o.s.web.servlet.DispatcherServlet        : Completed initialization in 1 ms
2022-12-19T22:17:51.912+05:00  INFO 9868 --- [SpringApplicationShutdownHook] j.LocalContainerEntityManagerFactoryBean : Closing JPA EntityManagerFactory for persistence unit 'default'
2022-12-19T22:17:51.915+05:00  INFO 9868 --- [SpringApplicationShutdownHook] com.zaxxer.hikari.HikariDataSource       : HikariPool-1 - Shutdown initiated...
2022-12-19T22:17:51.919+05:00  INFO 9868 --- [SpringApplicationShutdownHook] com.zaxxer.hikari.HikariDataSource       : HikariPool-1 - Shutdown completed.
